[18:31:42] [ServerMain/INFO]: Environment: Environment[sessionHost=https://sessionserver.mojang.com, servicesHost=https://api.minecraftservices.com, profilesHost=https://api.mojang.com, name=PROD]
[18:31:43] [ServerMain/INFO]: Loaded 1461 recipes
[18:31:43] [ServerMain/INFO]: Loaded 1574 advancements
[18:31:43] [Server thread/INFO]: Starting minecraft server version 1.21.10
[18:31:43] [Server thread/INFO]: Loading properties
[18:31:43] [Server thread/INFO]: Default game type: SURVIVAL
[18:31:43] [Server thread/INFO]: Generating keypair
[18:31:43] [Server console handler/ERROR]: Exception handling console input
java.io.IOException: A leíró érvénytelen
	at java.base/java.io.FileInputStream.readBytes(Native Method) ~[?:?]
	at java.base/java.io.FileInputStream.read(FileInputStream.java:281) ~[?:?]
	at java.base/java.lang.System$In.read(System.java:1871) ~[?:?]
	at java.base/java.io.BufferedInputStream.read1(BufferedInputStream.java:328) ~[?:?]
	at java.base/java.io.BufferedInputStream.read(BufferedInputStream.java:388) ~[?:?]
	at java.base/sun.nio.cs.StreamDecoder.readBytes(StreamDecoder.java:279) ~[?:?]
	at java.base/sun.nio.cs.StreamDecoder.implRead(StreamDecoder.java:322) ~[?:?]
	at java.base/sun.nio.cs.StreamDecoder.read(StreamDecoder.java:186) ~[?:?]
	at java.base/java.io.InputStreamReader.read(InputStreamReader.java:183) ~[?:?]
	at java.base/java.io.BufferedReader.fill(BufferedReader.java:166) ~[?:?]
	at java.base/java.io.BufferedReader.readLine(BufferedReader.java:333) ~[?:?]
	at java.base/java.io.BufferedReader.readLine(BufferedReader.java:400) ~[?:?]
	at aro$1.run(SourceFile:189) [server-1.21.10.jar:?]
[18:31:43] [Server thread/INFO]: Starting Minecraft server on *:25565
[18:31:43] [Server thread/INFO]: Using default channel type
[18:31:43] [Server thread/INFO]: Preparing level "world"
[18:31:44] [Server thread/INFO]: Loading 0 persistent chunks...
[18:31:44] [Server thread/INFO]: Preparing spawn area: 100%
[18:31:44] [Server thread/INFO]: Time elapsed: 12 ms
[18:31:44] [Server thread/INFO]: Done (0.173s)! For help, type "help"
[18:31:53] [User Authenticator #1/INFO]: UUID of player BigB84 is b0293a5e-57d2-498a-a233-741965727f5b
[18:31:54] [Server thread/INFO]: BigB84[/25.21.133.150:34108] logged in with entity id 179 at (108.07499998807907, 63.0, 61.97873757803752)
[18:31:54] [Server thread/INFO]: BigB84 joined the game
[18:32:53] [User Authenticator #2/INFO]: UUID of player MrPoozoh is ee0bb2e3-b008-4684-853a-ec645fe05c1b
[18:32:53] [Server thread/INFO]: MrPoozoh[/25.34.143.11:62283] logged in with entity id 374 at (116.94240686869027, 83.0, 27.880337278189483)
[18:32:53] [Server thread/INFO]: MrPoozoh joined the game
[19:18:18] [Server thread/INFO]: BigB84 lost connection: Disconnected
[19:18:18] [Server thread/INFO]: BigB84 left the game
[19:18:57] [User Authenticator #3/INFO]: UUID of player BigB84 is b0293a5e-57d2-498a-a233-741965727f5b
[19:18:57] [Server thread/INFO]: BigB84[/25.21.133.150:42936] logged in with entity id 12291 at (78.18688068591432, 76.0, 109.18177824946142)
[19:18:57] [Server thread/INFO]: BigB84 joined the game
[19:32:05] [Server thread/INFO]: BigB84 lost connection: Disconnected
[19:32:05] [Server thread/INFO]: BigB84 left the game
[19:32:52] [User Authenticator #4/INFO]: UUID of player BigB84 is b0293a5e-57d2-498a-a233-741965727f5b
[19:32:52] [Server thread/INFO]: BigB84[/25.21.133.150:49046] logged in with entity id 16327 at (72.03534749302995, 76.0, 113.18986751695776)
[19:32:52] [Server thread/INFO]: BigB84 joined the game
[19:51:47] [Server thread/WARN]: Mismatch in destroy block pos: ja{x=11, y=79, z=41} ja{x=4, y=79, z=40}
[19:56:48] [Server thread/WARN]: Mismatch in destroy block pos: ja{x=12, y=78, z=39} ja{x=12, y=79, z=39}
[21:06:33] [Server thread/WARN]: Mismatch in destroy block pos: ja{x=18, y=80, z=34} ja{x=16, y=78, z=18}
[21:15:23] [Server thread/INFO]: Villager cyx['Villager'/63, l='ServerLevel[world]', x=123.70, y=58.04, z=31.70] died, message: 'Villager was squished too much'
[21:15:36] [Server thread/INFO]: Villager cyx['Villager'/68, l='ServerLevel[world]', x=123.70, y=58.04, z=31.70] died, message: 'Villager was squished too much'
[21:16:07] [Server thread/INFO]: Villager cyx['Villager'/76, l='ServerLevel[world]', x=123.70, y=58.05, z=31.30] died, message: 'Villager was squished too much'
[21:19:47] [Server thread/INFO]: Villager cyx['Villager'/85, l='ServerLevel[world]', x=123.70, y=58.01, z=31.70] died, message: 'Villager was squished too much'
[21:23:33] [Server thread/INFO]: Villager cyx['Villager'/82, l='ServerLevel[world]', x=123.70, y=58.04, z=31.70] died, message: 'Villager was squished too much'
[21:23:46] [Server thread/INFO]: Villager cyx['Villager'/15467, l='ServerLevel[world]', x=123.70, y=58.05, z=31.30] died, message: 'Villager was squished too much'
[21:27:44] [Server thread/INFO]: Villager cyx['Villager'/96, l='ServerLevel[world]', x=123.17, y=58.05, z=31.30] died, message: 'Villager was squished too much'
[21:29:47] [Server thread/INFO]: Villager cyx['Villager'/69, l='ServerLevel[world]', x=123.26, y=58.05, z=31.30] died, message: 'Villager was squished too much'
[21:39:36] [Server thread/INFO]: MrPoozoh lost connection: Disconnected
[21:39:36] [Server thread/INFO]: MrPoozoh left the game
[21:39:40] [Server thread/INFO]: BigB84 lost connection: Disconnected
[21:39:40] [Server thread/INFO]: BigB84 left the game
[21:39:45] [Server thread/INFO]: Saving the game (this may take a moment!)
[21:39:45] [Server thread/INFO]: Saved the game
[21:39:48] [Server thread/INFO]: Stopping the server
[21:39:48] [Server thread/INFO]: Stopping server
[21:39:48] [Server thread/INFO]: Saving players
[21:39:48] [Server thread/INFO]: Saving worlds
[21:39:48] [Server thread/INFO]: Saving chunks for level 'ServerLevel[world]'/minecraft:overworld
[21:39:49] [Server thread/INFO]: Saving chunks for level 'ServerLevel[world]'/minecraft:the_nether
[21:39:49] [Server thread/INFO]: Saving chunks for level 'ServerLevel[world]'/minecraft:the_end
[21:39:49] [Server thread/INFO]: ThreadedAnvilChunkStorage (world): All chunks are saved
[21:39:49] [Server thread/INFO]: ThreadedAnvilChunkStorage (DIM-1): All chunks are saved
[21:39:49] [Server thread/INFO]: ThreadedAnvilChunkStorage (DIM1): All chunks are saved
[21:39:49] [Server thread/INFO]: ThreadedAnvilChunkStorage: All dimensions are saved
